{"/Users/gdp/Code/me/tmp/tdd/test.js":{"path":"/Users/gdp/Code/me/tmp/tdd/test.js","s":{"1":1,"2":1,"3":1,"4":1,"5":1,"6":1,"7":1,"8":1,"9":1,"10":1,"11":1,"12":1,"13":1,"14":1,"15":1,"16":1,"17":1,"18":1,"19":1,"20":1},"b":{"1":[1,0],"2":[1,1],"3":[1,0],"4":[1,1]},"f":{"1":1,"2":1,"3":1},"fnMap":{"1":{"name":"(anonymous_1)","line":13,"loc":{"start":{"line":13,"column":56},"end":{"line":13,"column":73}}},"2":{"name":"(anonymous_2)","line":18,"loc":{"start":{"line":18,"column":58},"end":{"line":18,"column":75}}},"3":{"name":"(anonymous_3)","line":23,"loc":{"start":{"line":23,"column":57},"end":{"line":23,"column":74}}}},"statementMap":{"1":{"start":{"line":4,"column":0},"end":{"line":10,"column":1}},"2":{"start":{"line":5,"column":2},"end":{"line":5,"column":33},"skip":true},"3":{"start":{"line":7,"column":2},"end":{"line":7,"column":24},"skip":true},"4":{"start":{"line":8,"column":2},"end":{"line":8,"column":43},"skip":true},"5":{"start":{"line":9,"column":2},"end":{"line":9,"column":41},"skip":true},"6":{"start":{"line":12,"column":0},"end":{"line":12,"column":26}},"7":{"start":{"line":13,"column":0},"end":{"line":17,"column":3}},"8":{"start":{"line":14,"column":2},"end":{"line":14,"column":31}},"9":{"start":{"line":15,"column":2},"end":{"line":15,"column":20}},"10":{"start":{"line":16,"column":2},"end":{"line":16,"column":37}},"11":{"start":{"line":18,"column":0},"end":{"line":22,"column":3}},"12":{"start":{"line":19,"column":2},"end":{"line":19,"column":35}},"13":{"start":{"line":20,"column":2},"end":{"line":20,"column":33}},"14":{"start":{"line":21,"column":2},"end":{"line":21,"column":37}},"15":{"start":{"line":23,"column":0},"end":{"line":27,"column":3}},"16":{"start":{"line":24,"column":2},"end":{"line":24,"column":35}},"17":{"start":{"line":25,"column":2},"end":{"line":25,"column":33}},"18":{"start":{"line":26,"column":2},"end":{"line":26,"column":37}},"19":{"start":{"line":30,"column":0},"end":{"line":30,"column":70},"skip":true},"20":{"start":{"line":30,"column":55},"end":{"line":30,"column":68},"skip":true}},"branchMap":{"1":{"line":4,"type":"if","locations":[{"start":{"line":4,"column":0},"end":{"line":4,"column":0},"skip":true},{"start":{"line":4,"column":0},"end":{"line":4,"column":0}}]},"2":{"line":4,"type":"binary-expr","locations":[{"start":{"line":4,"column":4},"end":{"line":4,"column":33}},{"start":{"line":4,"column":37},"end":{"line":4,"column":51}}]},"3":{"line":30,"type":"if","locations":[{"start":{"line":30,"column":0},"end":{"line":30,"column":0},"skip":true},{"start":{"line":30,"column":0},"end":{"line":30,"column":0},"skip":true}]},"4":{"line":30,"type":"binary-expr","locations":[{"start":{"line":30,"column":4},"end":{"line":30,"column":33},"skip":true},{"start":{"line":30,"column":37},"end":{"line":30,"column":51},"skip":true}]}}},"/Users/gdp/Code/me/tmp/tdd/change.js":{"path":"/Users/gdp/Code/me/tmp/tdd/change.js","s":{"1":1,"2":3,"3":3,"4":3,"5":3,"6":3,"7":3,"8":19,"9":8,"10":8,"11":11,"12":3,"13":1,"14":3,"15":1,"16":1},"b":{"1":[8,11],"2":[1,2],"3":[1,0],"4":[1,1]},"f":{"1":3},"fnMap":{"1":{"name":"getChange","line":1,"loc":{"start":{"line":1,"column":0},"end":{"line":1,"column":44}}}},"statementMap":{"1":{"start":{"line":1,"column":0},"end":{"line":19,"column":1}},"2":{"start":{"line":2,"column":2},"end":{"line":2,"column":46}},"3":{"start":{"line":3,"column":2},"end":{"line":3,"column":39}},"4":{"start":{"line":4,"column":2},"end":{"line":4,"column":18}},"5":{"start":{"line":5,"column":2},"end":{"line":5,"column":20}},"6":{"start":{"line":6,"column":2},"end":{"line":6,"column":16}},"7":{"start":{"line":7,"column":2},"end":{"line":14,"column":3}},"8":{"start":{"line":8,"column":4},"end":{"line":13,"column":5}},"9":{"start":{"line":9,"column":6},"end":{"line":9,"column":32}},"10":{"start":{"line":10,"column":6},"end":{"line":10,"column":27}},"11":{"start":{"line":12,"column":6},"end":{"line":12,"column":14}},"12":{"start":{"line":15,"column":2},"end":{"line":17,"column":3}},"13":{"start":{"line":16,"column":4},"end":{"line":16,"column":23}},"14":{"start":{"line":18,"column":2},"end":{"line":18,"column":16}},"15":{"start":{"line":24,"column":0},"end":{"line":26,"column":1},"skip":true},"16":{"start":{"line":25,"column":2},"end":{"line":25,"column":29},"skip":true}},"branchMap":{"1":{"line":8,"type":"if","locations":[{"start":{"line":8,"column":4},"end":{"line":8,"column":4}},{"start":{"line":8,"column":4},"end":{"line":8,"column":4}}]},"2":{"line":15,"type":"if","locations":[{"start":{"line":15,"column":2},"end":{"line":15,"column":2}},{"start":{"line":15,"column":2},"end":{"line":15,"column":2}}]},"3":{"line":24,"type":"if","locations":[{"start":{"line":24,"column":0},"end":{"line":24,"column":0},"skip":true},{"start":{"line":24,"column":0},"end":{"line":24,"column":0},"skip":true}]},"4":{"line":24,"type":"binary-expr","locations":[{"start":{"line":24,"column":4},"end":{"line":24,"column":33},"skip":true},{"start":{"line":24,"column":37},"end":{"line":24,"column":51},"skip":true}]}}}}