TN:
SF:/Users/gdp/Code/me/tmp/tdd/test.js
FN:12,(anonymous_1)
FN:17,(anonymous_2)
FN:22,(anonymous_3)
FNF:3
FNH:3
FNDA:1,(anonymous_1)
FNDA:1,(anonymous_2)
FNDA:1,(anonymous_3)
DA:4,1
DA:5,1
DA:7,1
DA:8,1
DA:9,1
DA:12,1
DA:13,1
DA:14,1
DA:15,1
DA:17,1
DA:18,1
DA:19,1
DA:20,1
DA:22,1
DA:23,1
DA:24,1
DA:25,1
DA:29,1
LF:18
LH:18
BRDA:4,1,0,1
BRDA:4,1,1,0
BRDA:4,2,0,1
BRDA:4,2,1,1
BRDA:29,3,0,1
BRDA:29,3,1,0
BRDA:29,4,0,1
BRDA:29,4,1,1
BRF:8
BRH:7
end_of_record
TN:
SF:/Users/gdp/Code/me/tmp/tdd/change.js
FN:1,getChange
FNF:1
FNH:1
FNDA:3,getChange
DA:1,1
DA:2,3
DA:3,3
DA:4,3
DA:5,3
DA:6,3
DA:7,3
DA:8,19
DA:9,8
DA:10,8
DA:12,11
DA:15,3
DA:16,1
DA:18,3
DA:24,1
DA:25,1
LF:16
LH:16
BRDA:8,1,0,8
BRDA:8,1,1,11
BRDA:15,2,0,1
BRDA:15,2,1,2
BRDA:24,3,0,1
BRDA:24,3,1,0
BRDA:24,4,0,1
BRDA:24,4,1,1
BRF:8
BRH:8
end_of_record
